1558017105275	mozrunner::runner	INFO	Running command: "/Applications/Firefox.app/Contents/MacOS/firefox-bin" "-marionette" "--headless" "-foreground" "-no-remote" "-profile" "/var/folders/ql/fn7pgssn6sq8hnczwrmdvz4w0000gn/T/rust_mozprofile.35Q4xxD3i66U"
*** You are running in headless mode.
1558017106071	addons.webextension.screenshots@mozilla.org	WARN	Loading extension 'screenshots@mozilla.org': Reading manifest: Invalid extension permission: mozillaAddons
1558017106072	addons.webextension.screenshots@mozilla.org	WARN	Loading extension 'screenshots@mozilla.org': Reading manifest: Invalid extension permission: resource://pdf.js/
1558017106072	addons.webextension.screenshots@mozilla.org	WARN	Loading extension 'screenshots@mozilla.org': Reading manifest: Invalid extension permission: about:reader*
1558017108494	Marionette	INFO	Listening on port 50572
1558017108548	Marionette	WARN	TLS certificate errors will be ignored for this session
1558017124834	Marionette	INFO	Stopped listening on port 50572
JavaScript error: , line 0: InvalidStateError: An attempt was made to use an object that is not, or is no longer, usable

###!!! [Child][MessageChannel] Error: (msgtype=0x3500BB,name=PContent::Msg_ScriptError) Channel closing: too late to send/recv, messages will be lost


###!!! [Child][RunMessage] Error: Channel closing: too late to send/recv, messages will be lost


###!!! [Child][RunMessage] Error: Channel closing: too late to send/recv, messages will be lost


###!!! [Child][RunMessage] Error: Channel closing: too late to send/recv, messages will be lost


###!!! [Child][RunMessage] Error: Channel closing: too late to send/recv, messages will be lost


###!!! [Child][RunMessage] Error: Channel closing: too late to send/recv, messages will be lost


###!!! [Child][RunMessage] Error: Channel closing: too late to send/recv, messages will be lost


###!!! [Child][RunMessage] Error: Channel closing: too late to send/recv, messages will be lost


###!!! [Child][MessageChannel] Error: (msgtype=0x3500BB,name=PContent::Msg_ScriptError) Channel closing: too late to send/recv, messages will be lost


###!!! [Child][RunMessage] Error: Channel closing: too late to send/recv, messages will be lost


###!!! [Child][MessageChannel] Error: (msgtype=0x3500BB,name=PContent::Msg_ScriptError) Channel closing: too late to send/recv, messages will be lost


###!!! [Child][RunMessage] Error: Channel closing: too late to send/recv, messages will be lost


###!!! [Child][RunMessage] Error: Channel closing: too late to send/recv, messages will be lost

1558019282601	mozrunner::runner	INFO	Running command: "/Applications/Firefox.app/Contents/MacOS/firefox-bin" "-marionette" "-headless" "-foreground" "-no-remote" "-profile" "/var/folders/ql/fn7pgssn6sq8hnczwrmdvz4w0000gn/T/rust_mozprofile.MvXZB746MnBR"
*** You are running in headless mode.
1558019283186	addons.webextension.screenshots@mozilla.org	WARN	Loading extension 'screenshots@mozilla.org': Reading manifest: Invalid extension permission: mozillaAddons
1558019283186	addons.webextension.screenshots@mozilla.org	WARN	Loading extension 'screenshots@mozilla.org': Reading manifest: Invalid extension permission: resource://pdf.js/
1558019283186	addons.webextension.screenshots@mozilla.org	WARN	Loading extension 'screenshots@mozilla.org': Reading manifest: Invalid extension permission: about:reader*
1558019285017	Marionette	INFO	Listening on port 51701
1558019285062	Marionette	WARN	TLS certificate errors will be ignored for this session
1558019299336	Marionette	INFO	Stopped listening on port 51701
IPDL protocol error: Handler returned error code!

###!!! [Parent][DispatchAsyncMessage] Error: PLayerTransaction::Msg_ReleaseLayer Processing error: message was deserialized, but the handler returned false (indicating failure)

IPDL protocol error: Handler returned error code!

###!!! [Parent][DispatchAsyncMessage] Error: PLayerTransaction::Msg_ReleaseLayer Processing error: message was deserialized, but the handler returned false (indicating failure)

IPDL protocol error: Handler returned error code!

###!!! [Parent][DispatchAsyncMessage] Error: PLayerTransaction::Msg_ReleaseLayer Processing error: message was deserialized, but the handler returned false (indicating failure)

IPDL protocol error: Handler returned error code!

###!!! [Parent][DispatchAsyncMessage] Error: PLayerTransaction::Msg_ReleaseLayer Processing error: message was deserialized, but the handler returned false (indicating failure)

IPDL protocol error: Handler returned error code!

###!!! [Parent][DispatchAsyncMessage] Error: PLayerTransaction::Msg_ReleaseLayer Processing error: message was deserialized, but the handler returned false (indicating failure)

IPDL protocol error: Handler returned error code!

###!!! [Parent][DispatchAsyncMessage] Error: PLayerTransaction::Msg_ReleaseLayer Processing error: message was deserialized, but the handler returned false (indicating failure)

IPDL protocol error: Handler returned error code!

###!!! [Parent][DispatchAsyncMessage] Error: PLayerTransaction::Msg_ReleaseLayer Processing error: message was deserialized, but the handler returned false (indicating failure)

IPDL protocol error: Handler returned error code!

###!!! [Parent][DispatchAsyncMessage] Error: PLayerTransaction::Msg_ReleaseLayer Processing error: message was deserialized, but the handler returned false (indicating failure)

JavaScript error: resource://gre/modules/WebProgressChild.jsm, line 61: TypeError: this.mm.content is null
JavaScript error: , line 0: InvalidStateError: An attempt was made to use an object that is not, or is no longer, usable
1558019866687	mozrunner::runner	INFO	Running command: "/Applications/Firefox.app/Contents/MacOS/firefox-bin" "-marionette" "-headless" "-foreground" "-no-remote" "-profile" "/var/folders/ql/fn7pgssn6sq8hnczwrmdvz4w0000gn/T/rust_mozprofile.PCWits2y8K9P"
*** You are running in headless mode.
1558019867247	addons.webextension.screenshots@mozilla.org	WARN	Loading extension 'screenshots@mozilla.org': Reading manifest: Invalid extension permission: mozillaAddons
1558019867247	addons.webextension.screenshots@mozilla.org	WARN	Loading extension 'screenshots@mozilla.org': Reading manifest: Invalid extension permission: resource://pdf.js/
1558019867248	addons.webextension.screenshots@mozilla.org	WARN	Loading extension 'screenshots@mozilla.org': Reading manifest: Invalid extension permission: about:reader*
1558019868955	Marionette	INFO	Listening on port 52046
1558019869062	Marionette	WARN	TLS certificate errors will be ignored for this session
1558019883419	Marionette	INFO	Stopped listening on port 52046
IPDL protocol error: Handler returned error code!

###!!! [Parent][DispatchAsyncMessage] Error: PLayerTransaction::Msg_ReleaseLayer Processing error: message was deserialized, but the handler returned false (indicating failure)

JavaScript error: resource://gre/modules/WebProgressChild.jsm, line 61: TypeError: this.mm.content is null
JavaScript error: , line 0: InvalidStateError: An attempt was made to use an object that is not, or is no longer, usable
1558020183970	mozrunner::runner	INFO	Running command: "/Applications/Firefox.app/Contents/MacOS/firefox-bin" "-marionette" "-headless" "-foreground" "-no-remote" "-profile" "/var/folders/ql/fn7pgssn6sq8hnczwrmdvz4w0000gn/T/rust_mozprofile.oYZmiFeGq7yb"
*** You are running in headless mode.
1558020184504	addons.webextension.screenshots@mozilla.org	WARN	Loading extension 'screenshots@mozilla.org': Reading manifest: Invalid extension permission: mozillaAddons
1558020184504	addons.webextension.screenshots@mozilla.org	WARN	Loading extension 'screenshots@mozilla.org': Reading manifest: Invalid extension permission: resource://pdf.js/
1558020184504	addons.webextension.screenshots@mozilla.org	WARN	Loading extension 'screenshots@mozilla.org': Reading manifest: Invalid extension permission: about:reader*
1558020186217	Marionette	INFO	Listening on port 52377
1558020186223	Marionette	WARN	TLS certificate errors will be ignored for this session
JavaScript error: https://www.cnn.com/ line 5 > scriptElement, line 4: TypeError: googletag.pubads is not a function
console.error: BroadcastService: 
  receivedBroadcastMessage: handler for
  remote-settings/monitor_changes
  threw error:
  Message: Error: Polling for changes failed: NetworkError when attempting to fetch resource..
  Stack:
    remoteSettingsFunction/remoteSettings.pollChanges@resource://services-settings/remote-settings.js:190:13

1558020208185	Marionette	INFO	Stopped listening on port 52377
JavaScript error: resource://gre/modules/WebProgressChild.jsm, line 61: TypeError: this.mm.content is null
JavaScript error: , line 0: InvalidStateError: An attempt was made to use an object that is not, or is no longer, usable

###!!! [Child][MessageChannel] Error: (msgtype=0x5F0029,name=PNecko::Msg_RemoveRequestContext) Channel closing: too late to send/recv, messages will be lost


###!!! [Child][RunMessage] Error: Channel closing: too late to send/recv, messages will be lost


###!!! [Child][MessageChannel] Error: (msgtype=0x3500BB,name=PContent::Msg_ScriptError) Channel closing: too late to send/recv, messages will be lost


###!!! [Child][RunMessage] Error: Channel closing: too late to send/recv, messages will be lost


###!!! [Child][RunMessage] Error: Channel closing: too late to send/recv, messages will be lost


###!!! [Child][RunMessage] Error: Channel closing: too late to send/recv, messages will be lost


###!!! [Child][RunMessage] Error: Channel closing: too late to send/recv, messages will be lost


###!!! [Child][RunMessage] Error: Channel closing: too late to send/recv, messages will be lost


###!!! [Child][RunMessage] Error: Channel closing: too late to send/recv, messages will be lost


###!!! [Child][RunMessage] Error: Channel closing: too late to send/recv, messages will be lost


###!!! [Child][RunMessage] Error: Channel closing: too late to send/recv, messages will be lost


###!!! [Child][RunMessage] Error: Channel closing: too late to send/recv, messages will be lost


###!!! [Child][RunMessage] Error: Channel closing: too late to send/recv, messages will be lost


###!!! [Child][RunMessage] Error: Channel closing: too late to send/recv, messages will be lost


###!!! [Child][RunMessage] Error: Channel closing: too late to send/recv, messages will be lost


###!!! [Child][RunMessage] Error: Channel closing: too late to send/recv, messages will be lost


###!!! [Child][RunMessage] Error: Channel closing: too late to send/recv, messages will be lost


###!!! [Child][RunMessage] Error: Channel closing: too late to send/recv, messages will be lost


###!!! [Child][RunMessage] Error: Channel closing: too late to send/recv, messages will be lost


###!!! [Child][RunMessage] Error: Channel closing: too late to send/recv, messages will be lost


###!!! [Child][MessageChannel] Error: (msgtype=0x3500BB,name=PContent::Msg_ScriptError) Channel closing: too late to send/recv, messages will be lost


###!!! [Child][RunMessage] Error: Channel closing: too late to send/recv, messages will be lost


###!!! [Child][RunMessage] Error: Channel closing: too late to send/recv, messages will be lost


###!!! [Child][RunMessage] Error: Channel closing: too late to send/recv, messages will be lost

1558020793821	mozrunner::runner	INFO	Running command: "/Applications/Firefox.app/Contents/MacOS/firefox-bin" "-marionette" "-headless" "-foreground" "-no-remote" "-profile" "/var/folders/ql/fn7pgssn6sq8hnczwrmdvz4w0000gn/T/rust_mozprofile.cXuRoorVisZw"
*** You are running in headless mode.
1558020794398	addons.webextension.screenshots@mozilla.org	WARN	Loading extension 'screenshots@mozilla.org': Reading manifest: Invalid extension permission: mozillaAddons
1558020794398	addons.webextension.screenshots@mozilla.org	WARN	Loading extension 'screenshots@mozilla.org': Reading manifest: Invalid extension permission: resource://pdf.js/
1558020794398	addons.webextension.screenshots@mozilla.org	WARN	Loading extension 'screenshots@mozilla.org': Reading manifest: Invalid extension permission: about:reader*
1558020796162	Marionette	INFO	Listening on port 54765
1558020796264	Marionette	WARN	TLS certificate errors will be ignored for this session
1558020806610	Marionette	INFO	Stopped listening on port 54765
IPDL protocol error: Handler returned error code!

###!!! [Parent][DispatchAsyncMessage] Error: PLayerTransaction::Msg_ReleaseLayer Processing error: message was deserialized, but the handler returned false (indicating failure)

IPDL protocol error: Handler returned error code!

###!!! [Parent][DispatchAsyncMessage] Error: PLayerTransaction::Msg_ReleaseLayer Processing error: message was deserialized, but the handler returned false (indicating failure)

IPDL protocol error: Handler returned error code!

###!!! [Parent][DispatchAsyncMessage] Error: PLayerTransaction::Msg_ReleaseLayer Processing error: message was deserialized, but the handler returned false (indicating failure)

IPDL protocol error: Handler returned error code!

###!!! [Parent][DispatchAsyncMessage] Error: PLayerTransaction::Msg_ReleaseLayer Processing error: message was deserialized, but the handler returned false (indicating failure)

[Child 95765, Chrome_ChildThread] WARNING: pipe error: Socket is not connected: file /builds/worker/workspace/build/src/ipc/chromium/src/chrome/common/ipc_channel_posix.cc, line 726
[Child 95765, Chrome_ChildThread] WARNING: pipe error: Broken pipe: file /builds/worker/workspace/build/src/ipc/chromium/src/chrome/common/ipc_channel_posix.cc, line 726
[Child 95765, Chrome_ChildThread] WARNING: pipe error: Broken pipe: file /builds/worker/workspace/build/src/ipc/chromium/src/chrome/common/ipc_channel_posix.cc, line 726
[Child 95765, Chrome_ChildThread] WARNING: pipe error: Broken pipe: file /builds/worker/workspace/build/src/ipc/chromium/src/chrome/common/ipc_channel_posix.cc, line 726
[Child 95765, Chrome_ChildThread] WARNING: pipe error: Broken pipe: file /builds/worker/workspace/build/src/ipc/chromium/src/chrome/common/ipc_channel_posix.cc, line 726
[Child 95765, Chrome_ChildThread] WARNING: pipe error: Broken pipe: file /builds/worker/workspace/build/src/ipc/chromium/src/chrome/common/ipc_channel_posix.cc, line 726
1558021635736	mozrunner::runner	INFO	Running command: "/Applications/Firefox.app/Contents/MacOS/firefox-bin" "-marionette" "-headless" "-foreground" "-no-remote" "-profile" "/var/folders/ql/fn7pgssn6sq8hnczwrmdvz4w0000gn/T/rust_mozprofile.RmPgD5GXP0Rb"
*** You are running in headless mode.
1558021636256	addons.webextension.screenshots@mozilla.org	WARN	Loading extension 'screenshots@mozilla.org': Reading manifest: Invalid extension permission: mozillaAddons
1558021636256	addons.webextension.screenshots@mozilla.org	WARN	Loading extension 'screenshots@mozilla.org': Reading manifest: Invalid extension permission: resource://pdf.js/
1558021636256	addons.webextension.screenshots@mozilla.org	WARN	Loading extension 'screenshots@mozilla.org': Reading manifest: Invalid extension permission: about:reader*
1558021637961	Marionette	INFO	Listening on port 56099
1558021637993	Marionette	WARN	TLS certificate errors will be ignored for this session
JavaScript error: , line 0: InvalidStateError: An attempt was made to use an object that is not, or is no longer, usable
console.error: BroadcastService: 
  receivedBroadcastMessage: handler for
  remote-settings/monitor_changes
  threw error:
  Message: Error: Polling for changes failed: NetworkError when attempting to fetch resource..
  Stack:
    remoteSettingsFunction/remoteSettings.pollChanges@resource://services-settings/remote-settings.js:190:13

1558021664958	Marionette	INFO	Stopped listening on port 56099
1558043721115	mozrunner::runner	INFO	Running command: "/Applications/Firefox.app/Contents/MacOS/firefox-bin" "-marionette" "-headless" "-foreground" "-no-remote" "-profile" "/var/folders/ql/fn7pgssn6sq8hnczwrmdvz4w0000gn/T/rust_mozprofile.7LuJLymNU9yN"
*** You are running in headless mode.
1558043721706	addons.webextension.screenshots@mozilla.org	WARN	Loading extension 'screenshots@mozilla.org': Reading manifest: Invalid extension permission: mozillaAddons
1558043721706	addons.webextension.screenshots@mozilla.org	WARN	Loading extension 'screenshots@mozilla.org': Reading manifest: Invalid extension permission: resource://pdf.js/
1558043721706	addons.webextension.screenshots@mozilla.org	WARN	Loading extension 'screenshots@mozilla.org': Reading manifest: Invalid extension permission: about:reader*
1558043723648	Marionette	INFO	Listening on port 57853
1558043723675	Marionette	WARN	TLS certificate errors will be ignored for this session
JavaScript error: https://www.cnn.com/ line 5 > scriptElement, line 4: TypeError: googletag.pubads is not a function
JavaScript error: , line 0: NotSupportedError: The media resource indicated by the src attribute or assigned media provider object was not suitable.
JavaScript error: , line 0: InvalidStateError: An attempt was made to use an object that is not, or is no longer, usable
console.error: BroadcastService: 
  receivedBroadcastMessage: handler for
  remote-settings/monitor_changes
  threw error:
  Message: Error: Polling for changes failed: NetworkError when attempting to fetch resource..
  Stack:
    remoteSettingsFunction/remoteSettings.pollChanges@resource://services-settings/remote-settings.js:190:13

JavaScript error: https://nav.files.bbci.co.uk/orbit/2.0.0-561.289d4c97/js/require.min.js, line 1: Error: Script error for "jquery-1.9", needed by: lib/core, lib/module/manager
http://requirejs.org/docs/errors.html#scripterror
JavaScript error: https://phonograph2.voxmedia.com/pickup.js?v=1529075019264, line 21: TypeError: ga.getAll(...)[0] is undefined
JavaScript error: https://platform.twitter.com/widgets/widget_iframe.fb066ff7f5f4afee7716887031da2ea8.html?origin=https%3A%2F%2Fabcnews.go.com&settingsEndpoint=https%3A%2F%2Fsyndication.twitter.com%2Fsettings, line 12: Error: Network error.
JavaScript error: https://cbsnews4.cbsistatic.com/fly/bundles/cbsnewscore/js-build/main.responsive.js?v=2.a50e38d9092b12de844d9de37ce0adfa7a2ad148, line 5: Error: Script error for "//tealium.cbsnews.com/prod/utag.js?v=201905132105#", needed by: third-party/tealium
http://requirejs.org/docs/errors.html#scripterror
JavaScript error: , line 0: AbortError: The fetching process for the media resource was aborted by the user agent at the user's request.
JavaScript warning: https://www.pdk.video.snidigital.com/5.8.7/pdk/tpPdk.js, line 2498: unreachable code after return statement
JavaScript warning: https://www.pdk.video.snidigital.com/5.8.7/pdk/tpPdk.js, line 2501: unreachable code after return statement
JavaScript warning: https://www.pdk.video.snidigital.com/5.8.7/pdk/tpPdk.js, line 2504: unreachable code after return statement
JavaScript warning: https://www.pdk.video.snidigital.com/5.8.7/pdk/tpPdk.js, line 2509: unreachable code after return statement
1558043765948	Marionette	INFO	Stopped listening on port 57853
JavaScript error: resource://gre/modules/WebProgressChild.jsm, line 61: TypeError: this.mm.content is null
JavaScript error: https://s.go-mpulse.net/boomerang/RWSLQ-RA5BZ-XHZBZ-4H2G2-ME7FC, line 16: NS_ERROR_NOT_INITIALIZED: 
JavaScript error: , line 0: InvalidStateError: An attempt was made to use an object that is not, or is no longer, usable

###!!! [Child][RunMessage] Error: Channel closing: too late to send/recv, messages will be lost

JavaScript error: resource://gre/modules/osfile/osfile_async_front.jsm, line 404: Error: OS.File has been shut down. Rejecting post to stat
